# JRE version: Java(TM) SE Runtime Environment (8.0_211-b12) (build 1.8.0_211-b12)
# Java VM: Java HotSpot(TM) 64-Bit Server VM (25.211-b12 mixed mode windows-amd64 compressed oops)
Heap:
 PSYoungGen      total 99840K, used 76376K [0x000000076b600000, 0x0000000772600000, 0x00000007c0000000)
  eden space 91136K, 78% used [0x000000076b600000,0x000000076fbf5a70,0x0000000770f00000)
  from space 8704K, 54% used [0x0000000770f00000,0x00000007713a06d0,0x0000000771780000)
  to   space 8192K, 0% used [0x0000000771e00000,0x0000000771e00000,0x0000000772600000)
 ParOldGen       total 218624K, used 22987K [0x00000006c2200000, 0x00000006cf780000, 0x000000076b600000)
  object space 218624K, 10% used [0x00000006c2200000,0x00000006c3872d80,0x00000006cf780000)
 Metaspace       used 73452K, capacity 78020K, committed 78208K, reserved 1118208K
  class space    used 9222K, capacity 10014K, committed 10112K, reserved 1048576K
GC Heap History (10 events):
Event: 48646.172 GC heap before
{Heap before GC invocations=2397 (full 11):
 PSYoungGen      total 93184K, used 87982K [0x000000076b600000, 0x0000000772080000, 0x00000007c0000000)
  eden space 83968K, 100% used [0x000000076b600000,0x0000000770800000,0x0000000770800000)
  from space 9216K, 43% used [0x0000000770800000,0x0000000770beb980,0x0000000771100000)
  to   space 8704K, 0% used [0x0000000771800000,0x0000000771800000,0x0000000772080000)
 ParOldGen       total 218624K, used 22767K [0x00000006c2200000, 0x00000006cf780000, 0x000000076b600000)
  object space 218624K, 10% used [0x00000006c2200000,0x00000006c383bc40,0x00000006cf780000)
 Metaspace       used 73059K, capacity 77580K, committed 77952K, reserved 1118208K
  class space    used 9199K, capacity 9974K, committed 10112K, reserved 1048576K
Event: 48646.178 GC heap after
Heap after GC invocations=2397 (full 11):
 PSYoungGen      total 99328K, used 6240K [0x000000076b600000, 0x0000000772000000, 0x00000007c0000000)
  eden space 91136K, 0% used [0x000000076b600000,0x000000076b600000,0x0000000770f00000)
  from space 8192K, 76% used [0x0000000771800000,0x0000000771e18368,0x0000000772000000)
  to   space 8704K, 0% used [0x0000000770f00000,0x0000000770f00000,0x0000000771780000)
 ParOldGen       total 218624K, used 22767K [0x00000006c2200000, 0x00000006cf780000, 0x000000076b600000)
  object space 218624K, 10% used [0x00000006c2200000,0x00000006c383bc40,0x00000006cf780000)
 Metaspace       used 73059K, capacity 77580K, committed 77952K, reserved 1118208K
  class space    used 9199K, capacity 9974K, committed 10112K, reserved 1048576K
}
Event: 48689.088 GC heap before
{Heap before GC invocations=2398 (full 11):
 PSYoungGen      total 99328K, used 20174K [0x000000076b600000, 0x0000000772000000, 0x00000007c0000000)
  eden space 91136K, 15% used [0x000000076b600000,0x000000076c39b758,0x0000000770f00000)
  from space 8192K, 76% used [0x0000000771800000,0x0000000771e18368,0x0000000772000000)
  to   space 8704K, 0% used [0x0000000770f00000,0x0000000770f00000,0x0000000771780000)
 ParOldGen       total 218624K, used 22767K [0x00000006c2200000, 0x00000006cf780000, 0x000000076b600000)
  object space 218624K, 10% used [0x00000006c2200000,0x00000006c383bc40,0x00000006cf780000)
 Metaspace       used 73063K, capacity 77586K, committed 77952K, reserved 1118208K
  class space    used 9199K, capacity 9976K, committed 10112K, reserved 1048576K
Event: 48689.092 GC heap after
Heap after GC invocations=2398 (full 11):
 PSYoungGen      total 99840K, used 3153K [0x000000076b600000, 0x0000000772000000, 0x00000007c0000000)
  eden space 91136K, 0% used [0x000000076b600000,0x000000076b600000,0x0000000770f00000)
  from space 8704K, 36% used [0x0000000770f00000,0x00000007712144a0,0x0000000771780000)
  to   space 8704K, 0% used [0x0000000771780000,0x0000000771780000,0x0000000772000000)
 ParOldGen       total 218624K, used 22767K [0x00000006c2200000, 0x00000006cf780000, 0x000000076b600000)
  object space 218624K, 10% used [0x00000006c2200000,0x00000006c383bc40,0x00000006cf780000)
 Metaspace       used 73063K, capacity 77586K, committed 77952K, reserved 1118208K
  class space    used 9199K, capacity 9976K, committed 10112K, reserved 1048576K
}
Event: 48689.092 GC heap before
{Heap before GC invocations=2399 (full 12):
 PSYoungGen      total 99840K, used 3153K [0x000000076b600000, 0x0000000772000000, 0x00000007c0000000)
  eden space 91136K, 0% used [0x000000076b600000,0x000000076b600000,0x0000000770f00000)
  from space 8704K, 36% used [0x0000000770f00000,0x00000007712144a0,0x0000000771780000)
  to   space 8704K, 0% used [0x0000000771780000,0x0000000771780000,0x0000000772000000)
 ParOldGen       total 218624K, used 22767K [0x00000006c2200000, 0x00000006cf780000, 0x000000076b600000)
  object space 218624K, 10% used [0x00000006c2200000,0x00000006c383bc40,0x00000006cf780000)
 Metaspace       used 73063K, capacity 77586K, committed 77952K, reserved 1118208K
  class space    used 9199K, capacity 9976K, committed 10112K, reserved 1048576K
Event: 48689.285 GC heap after
Heap after GC invocations=2399 (full 12):
 PSYoungGen      total 99840K, used 0K [0x000000076b600000, 0x0000000772000000, 0x00000007c0000000)
  eden space 91136K, 0% used [0x000000076b600000,0x000000076b600000,0x0000000770f00000)
  from space 8704K, 0% used [0x0000000770f00000,0x0000000770f00000,0x0000000771780000)
  to   space 8704K, 0% used [0x0000000771780000,0x0000000771780000,0x0000000772000000)
 ParOldGen       total 218624K, used 22979K [0x00000006c2200000, 0x00000006cf780000, 0x000000076b600000)
  object space 218624K, 10% used [0x00000006c2200000,0x00000006c3870d80,0x00000006cf780000)
 Metaspace       used 73060K, capacity 77580K, committed 77952K, reserved 1118208K
  class space    used 9199K, capacity 9974K, committed 10112K, reserved 1048576K
}
Event: 48689.800 GC heap before
{Heap before GC invocations=2400 (full 12):
 PSYoungGen      total 99840K, used 91117K [0x000000076b600000, 0x0000000772000000, 0x00000007c0000000)
  eden space 91136K, 99% used [0x000000076b600000,0x0000000770efb768,0x0000000770f00000)
  from space 8704K, 0% used [0x0000000770f00000,0x0000000770f00000,0x0000000771780000)
  to   space 8704K, 0% used [0x0000000771780000,0x0000000771780000,0x0000000772000000)
 ParOldGen       total 218624K, used 22979K [0x00000006c2200000, 0x00000006cf780000, 0x000000076b600000)
  object space 218624K, 10% used [0x00000006c2200000,0x00000006c3870d80,0x00000006cf780000)
 Metaspace       used 73193K, capacity 77700K, committed 77952K, reserved 1118208K
  class space    used 9209K, capacity 10014K, committed 10112K, reserved 1048576K
Event: 48689.805 GC heap after
Heap after GC invocations=2400 (full 12):
 PSYoungGen      total 99840K, used 3522K [0x000000076b600000, 0x0000000772700000, 0x00000007c0000000)
  eden space 91136K, 0% used [0x000000076b600000,0x000000076b600000,0x0000000770f00000)
  from space 8704K, 40% used [0x0000000771780000,0x0000000771af0960,0x0000000772000000)
  to   space 8704K, 0% used [0x0000000770f00000,0x0000000770f00000,0x0000000771780000)
 ParOldGen       total 218624K, used 22979K [0x00000006c2200000, 0x00000006cf780000, 0x000000076b600000)
  object space 218624K, 10% used [0x00000006c2200000,0x00000006c3870d80,0x00000006cf780000)
 Metaspace       used 73193K, capacity 77700K, committed 77952K, reserved 1118208K
  class space    used 9209K, capacity 10014K, committed 10112K, reserved 1048576K
}
Event: 48690.150 GC heap before
{Heap before GC invocations=2401 (full 12):
 PSYoungGen      total 99840K, used 94658K [0x000000076b600000, 0x0000000772700000, 0x00000007c0000000)
  eden space 91136K, 100% used [0x000000076b600000,0x0000000770f00000,0x0000000770f00000)
  from space 8704K, 40% used [0x0000000771780000,0x0000000771af0960,0x0000000772000000)
  to   space 8704K, 0% used [0x0000000770f00000,0x0000000770f00000,0x0000000771780000)
 ParOldGen       total 218624K, used 22979K [0x00000006c2200000, 0x00000006cf780000, 0x000000076b600000)
  object space 218624K, 10% used [0x00000006c2200000,0x00000006c3870d80,0x00000006cf780000)
 Metaspace       used 73376K, capacity 77956K, committed 78208K, reserved 1118208K
  class space    used 9217K, capacity 10014K, committed 10112K, reserved 1048576K
Event: 48690.156 GC heap after
Heap after GC invocations=2401 (full 12):
 PSYoungGen      total 99840K, used 4737K [0x000000076b600000, 0x0000000772600000, 0x00000007c0000000)
  eden space 91136K, 0% used [0x000000076b600000,0x000000076b600000,0x0000000770f00000)
  from space 8704K, 54% used [0x0000000770f00000,0x00000007713a06d0,0x0000000771780000)
  to   space 8192K, 0% used [0x0000000771e00000,0x0000000771e00000,0x0000000772600000)
 ParOldGen       total 218624K, used 22987K [0x00000006c2200000, 0x00000006cf780000, 0x000000076b600000)
  object space 218624K, 10% used [0x00000006c2200000,0x00000006c3872d80,0x00000006cf780000)
 Metaspace       used 73376K, capacity 77956K, committed 78208K, reserved 1118208K
  class space    used 9217K, capacity 10014K, committed 10112K, reserved 1048576K
}

